# JRE version: OpenJDK Runtime Environment GraalVM CE 17.0.9+9.1 (17.0.9+9) (build 17.0.9+9-jvmci-23.0-b22)
# Java VM: OpenJDK 64-Bit Server VM GraalVM CE 17.0.9+9.1 (17.0.9+9-jvmci-23.0-b22, mixed mode, emulated-client, sharing, tiered, jvmci, jvmci compiler, compressed oops, compressed class ptrs, g1 gc, windows-amd64)
GC Precious Log:
 CPUs: 8 total, 8 available
 Memory: 7969M
 Large Page Support: Disabled
 NUMA Support: Disabled
 Compressed Oops: Enabled (32-bit)
 Heap Region Size: 1M
 Heap Min Capacity: 8M
 Heap Initial Capacity: 126M
 Heap Max Capacity: 1994M
 Pre-touch: Disabled
 Parallel Workers: 8
 Concurrent Workers: 2
 Concurrent Refinement Workers: 8
 Periodic GC: Disabled
Heap:
 garbage-first heap   total 91136K, used 66999K [0x0000000083600000, 0x0000000100000000)
  region size 1024K, 41 young (41984K), 3 survivors (3072K)
 Metaspace       used 63654K, committed 64256K, reserved 1114112K
  class space    used 9477K, committed 9792K, reserved 1048576K
GC Heap History (20 events):
Event: 2.706 GC heap before
{Heap before GC invocations=4 (full 0):
 garbage-first heap   total 55296K, used 40101K [0x0000000083600000, 0x0000000100000000)
  region size 1024K, 32 young (32768K), 7 survivors (7168K)
 Metaspace       used 25068K, committed 25536K, reserved 1114112K
  class space    used 3499K, committed 3712K, reserved 1048576K
}
Event: 2.718 GC heap after
{Heap after GC invocations=5 (full 0):
 garbage-first heap   total 55296K, used 17154K [0x0000000083600000, 0x0000000100000000)
  region size 1024K, 3 young (3072K), 3 survivors (3072K)
 Metaspace       used 25068K, committed 25536K, reserved 1114112K
  class space    used 3499K, committed 3712K, reserved 1048576K
}
Event: 2.737 GC heap before
{Heap before GC invocations=5 (full 0):
 garbage-first heap   total 55296K, used 18178K [0x0000000083600000, 0x0000000100000000)
  region size 1024K, 4 young (4096K), 3 survivors (3072K)
 Metaspace       used 25241K, committed 25664K, reserved 1114112K
  class space    used 3526K, committed 3712K, reserved 1048576K
}
Event: 2.744 GC heap after
{Heap after GC invocations=6 (full 0):
 garbage-first heap   total 55296K, used 17438K [0x0000000083600000, 0x0000000100000000)
  region size 1024K, 1 young (1024K), 1 survivors (1024K)
 Metaspace       used 25241K, committed 25664K, reserved 1114112K
  class space    used 3526K, committed 3712K, reserved 1048576K
}
Event: 3.153 GC heap before
{Heap before GC invocations=6 (full 0):
 garbage-first heap   total 55296K, used 37918K [0x0000000083600000, 0x0000000100000000)
  region size 1024K, 21 young (21504K), 1 survivors (1024K)
 Metaspace       used 28259K, committed 28736K, reserved 1114112K
  class space    used 3951K, committed 4224K, reserved 1048576K
}
Event: 3.156 GC heap after
{Heap after GC invocations=7 (full 0):
 garbage-first heap   total 110592K, used 18717K [0x0000000083600000, 0x0000000100000000)
  region size 1024K, 2 young (2048K), 2 survivors (2048K)
 Metaspace       used 28259K, committed 28736K, reserved 1114112K
  class space    used 3951K, committed 4224K, reserved 1048576K
}
Event: 3.950 GC heap before
{Heap before GC invocations=7 (full 0):
 garbage-first heap   total 110592K, used 50461K [0x0000000083600000, 0x0000000100000000)
  region size 1024K, 34 young (34816K), 2 survivors (2048K)
 Metaspace       used 35499K, committed 35968K, reserved 1114112K
  class space    used 5051K, committed 5312K, reserved 1048576K
}
Event: 3.954 GC heap after
{Heap after GC invocations=8 (full 0):
 garbage-first heap   total 110592K, used 20142K [0x0000000083600000, 0x0000000100000000)
  region size 1024K, 4 young (4096K), 4 survivors (4096K)
 Metaspace       used 35499K, committed 35968K, reserved 1114112K
  class space    used 5051K, committed 5312K, reserved 1048576K
}
Event: 4.861 GC heap before
{Heap before GC invocations=9 (full 0):
 garbage-first heap   total 75776K, used 60078K [0x0000000083600000, 0x0000000100000000)
  region size 1024K, 44 young (45056K), 4 survivors (4096K)
 Metaspace       used 46504K, committed 46976K, reserved 1114112K
  class space    used 6672K, committed 6912K, reserved 1048576K
}
Event: 4.866 GC heap after
{Heap after GC invocations=10 (full 0):
 garbage-first heap   total 75776K, used 22297K [0x0000000083600000, 0x0000000100000000)
  region size 1024K, 6 young (6144K), 6 survivors (6144K)
 Metaspace       used 46504K, committed 46976K, reserved 1114112K
  class space    used 6672K, committed 6912K, reserved 1048576K
}
Event: 5.626 GC heap before
{Heap before GC invocations=10 (full 0):
 garbage-first heap   total 75776K, used 55065K [0x0000000083600000, 0x0000000100000000)
  region size 1024K, 38 young (38912K), 6 survivors (6144K)
 Metaspace       used 53047K, committed 53632K, reserved 1114112K
  class space    used 7629K, committed 7936K, reserved 1048576K
}
Event: 5.631 GC heap after
{Heap after GC invocations=11 (full 0):
 garbage-first heap   total 75776K, used 24602K [0x0000000083600000, 0x0000000100000000)
  region size 1024K, 5 young (5120K), 5 survivors (5120K)
 Metaspace       used 53047K, committed 53632K, reserved 1114112K
  class space    used 7629K, committed 7936K, reserved 1048576K
}
Event: 6.117 GC heap before
{Heap before GC invocations=11 (full 0):
 garbage-first heap   total 75776K, used 55322K [0x0000000083600000, 0x0000000100000000)
  region size 1024K, 36 young (36864K), 5 survivors (5120K)
 Metaspace       used 56981K, committed 57600K, reserved 1114112K
  class space    used 8296K, committed 8576K, reserved 1048576K
}
Event: 6.124 GC heap after
{Heap after GC invocations=12 (full 0):
 garbage-first heap   total 75776K, used 27007K [0x0000000083600000, 0x0000000100000000)
  region size 1024K, 5 young (5120K), 5 survivors (5120K)
 Metaspace       used 56981K, committed 57600K, reserved 1114112K
  class space    used 8296K, committed 8576K, reserved 1048576K
}
Event: 6.379 GC heap before
{Heap before GC invocations=12 (full 0):
 garbage-first heap   total 75776K, used 56703K [0x0000000083600000, 0x0000000100000000)
  region size 1024K, 35 young (35840K), 5 survivors (5120K)
 Metaspace       used 59292K, committed 59840K, reserved 1114112K
  class space    used 8762K, committed 9024K, reserved 1048576K
}
Event: 6.384 GC heap after
{Heap after GC invocations=13 (full 0):
 garbage-first heap   total 75776K, used 28677K [0x0000000083600000, 0x0000000100000000)
  region size 1024K, 4 young (4096K), 4 survivors (4096K)
 Metaspace       used 59292K, committed 59840K, reserved 1114112K
  class space    used 8762K, committed 9024K, reserved 1048576K
}
Event: 6.469 GC heap before
{Heap before GC invocations=13 (full 0):
 garbage-first heap   total 75776K, used 59397K [0x0000000083600000, 0x0000000100000000)
  region size 1024K, 34 young (34816K), 4 survivors (4096K)
 Metaspace       used 59394K, committed 59968K, reserved 1114112K
  class space    used 8776K, committed 9024K, reserved 1048576K
}
Event: 6.474 GC heap after
{Heap after GC invocations=14 (full 0):
 garbage-first heap   total 75776K, used 28677K [0x0000000083600000, 0x0000000100000000)
  region size 1024K, 2 young (2048K), 2 survivors (2048K)
 Metaspace       used 59394K, committed 59968K, reserved 1114112K
  class space    used 8776K, committed 9024K, reserved 1048576K
}
Event: 6.554 GC heap before
{Heap before GC invocations=14 (full 0):
 garbage-first heap   total 75776K, used 35845K [0x0000000083600000, 0x0000000100000000)
  region size 1024K, 10 young (10240K), 2 survivors (2048K)
 Metaspace       used 59754K, committed 60288K, reserved 1114112K
  class space    used 8837K, committed 9088K, reserved 1048576K
}
Event: 6.558 GC heap after
{Heap after GC invocations=15 (full 0):
 garbage-first heap   total 91136K, used 29111K [0x0000000083600000, 0x0000000100000000)
  region size 1024K, 3 young (3072K), 3 survivors (3072K)
 Metaspace       used 59754K, committed 60288K, reserved 1114112K
  class space    used 8837K, committed 9088K, reserved 1048576K
}

